  [1m[35m (0.1ms)[0m  [1m[34mSELECT sqlite_version(*)[0m
  [1m[35m (103.8ms)[0m  [1m[35mCREATE TABLE "schema_migrations" ("version" varchar NOT NULL PRIMARY KEY)[0m
  [1m[35m (129.1ms)[0m  [1m[35mCREATE TABLE "ar_internal_metadata" ("key" varchar NOT NULL PRIMARY KEY, "value" varchar, "created_at" datetime NOT NULL, "updated_at" datetime NOT NULL)[0m
  [1m[35m (0.1ms)[0m  [1m[34mSELECT "schema_migrations"."version" FROM "schema_migrations" ORDER BY "schema_migrations"."version" ASC[0m
Migrating to CreateRiewsViews (20170703180436)
  [1m[35m (0.1ms)[0m  [1m[36mbegin transaction[0m
  [1m[35m (0.3ms)[0m  [1m[35mCREATE TABLE "riews_views" ("id" INTEGER PRIMARY KEY AUTOINCREMENT NOT NULL, "name" varchar NOT NULL, "model" varchar NOT NULL, "code" varchar NOT NULL, "created_at" datetime NOT NULL, "updated_at" datetime NOT NULL)[0m
  [1m[35mSQL (0.1ms)[0m  [1m[32mINSERT INTO "schema_migrations" ("version") VALUES (?)[0m  [["version", "20170703180436"]]
  [1m[35m (96.5ms)[0m  [1m[36mcommit transaction[0m
Migrating to CreateRiewsColumns (20170807184652)
  [1m[35m (0.1ms)[0m  [1m[36mbegin transaction[0m
  [1m[35m (0.3ms)[0m  [1m[35mCREATE TABLE "riews_columns" ("id" INTEGER PRIMARY KEY AUTOINCREMENT NOT NULL, "method" varchar, "riews_view_id" integer, "created_at" datetime NOT NULL, "updated_at" datetime NOT NULL, CONSTRAINT "fk_rails_a644a269f8"
FOREIGN KEY ("riews_view_id")
  REFERENCES "riews_views" ("id")
)[0m
  [1m[35m (0.1ms)[0m  [1m[35mCREATE  INDEX "index_riews_columns_on_riews_view_id" ON "riews_columns" ("riews_view_id")[0m
  [1m[35mSQL (0.1ms)[0m  [1m[32mINSERT INTO "schema_migrations" ("version") VALUES (?)[0m  [["version", "20170807184652"]]
  [1m[35m (129.9ms)[0m  [1m[36mcommit transaction[0m
Migrating to AddPaginatorSizeToView (20170812202251)
  [1m[35m (0.1ms)[0m  [1m[36mbegin transaction[0m
  [1m[35m (0.3ms)[0m  [1m[35mALTER TABLE "riews_views" ADD "paginator_size" integer DEFAULT 0 NOT NULL[0m
  [1m[35mSQL (0.1ms)[0m  [1m[32mINSERT INTO "schema_migrations" ("version") VALUES (?)[0m  [["version", "20170812202251"]]
  [1m[35m (113.5ms)[0m  [1m[36mcommit transaction[0m
Migrating to CreateFilterCriteria (20170812205631)
  [1m[35m (0.1ms)[0m  [1m[36mbegin transaction[0m
  [1m[35m (0.3ms)[0m  [1m[35mCREATE TABLE "riews_filter_criterias" ("id" INTEGER PRIMARY KEY AUTOINCREMENT NOT NULL, "field_name" varchar, "operator" integer(2) NOT NULL, "riews_view_id" integer, "created_at" datetime NOT NULL, "updated_at" datetime NOT NULL, CONSTRAINT "fk_rails_ddccd0ac45"
FOREIGN KEY ("riews_view_id")
  REFERENCES "riews_views" ("id")
)[0m
  [1m[35m (0.1ms)[0m  [1m[35mCREATE  INDEX "index_riews_filter_criterias_on_riews_view_id" ON "riews_filter_criterias" ("riews_view_id")[0m
  [1m[35mSQL (0.1ms)[0m  [1m[32mINSERT INTO "schema_migrations" ("version") VALUES (?)[0m  [["version", "20170812205631"]]
  [1m[35m (97.1ms)[0m  [1m[36mcommit transaction[0m
Migrating to CreateArgumentModel (20170812221554)
  [1m[35m (0.1ms)[0m  [1m[36mbegin transaction[0m
  [1m[35m (0.3ms)[0m  [1m[35mCREATE TABLE "riews_arguments" ("id" INTEGER PRIMARY KEY AUTOINCREMENT NOT NULL, "value" varchar NOT NULL, "riews_filter_criteria_id" integer, "created_at" datetime NOT NULL, "updated_at" datetime NOT NULL)[0m
  [1m[35m (0.1ms)[0m  [1m[35mCREATE  INDEX "index_riews_arguments_on_riews_filter_criteria_id" ON "riews_arguments" ("riews_filter_criteria_id")[0m
  [1m[35mSQL (0.1ms)[0m  [1m[32mINSERT INTO "schema_migrations" ("version") VALUES (?)[0m  [["version", "20170812221554"]]
  [1m[35m (99.4ms)[0m  [1m[36mcommit transaction[0m
Migrating to AddForeignKeyOnArguments (20170812223222)
  [1m[35m (0.1ms)[0m  [1m[36mbegin transaction[0m
  [1m[35mSQL (0.2ms)[0m  [1m[32mINSERT INTO "schema_migrations" ("version") VALUES (?)[0m  [["version", "20170812223222"]]
  [1m[35m (60.9ms)[0m  [1m[36mcommit transaction[0m
Migrating to AddNegationToFilterCriteria (20170813094241)
  [1m[35m (0.1ms)[0m  [1m[36mbegin transaction[0m
  [1m[35m (0.3ms)[0m  [1m[35mALTER TABLE "riews_filter_criterias" ADD "negation" boolean DEFAULT 'f' NOT NULL[0m
  [1m[35mSQL (0.1ms)[0m  [1m[32mINSERT INTO "schema_migrations" ("version") VALUES (?)[0m  [["version", "20170813094241"]]
  [1m[35m (69.7ms)[0m  [1m[36mcommit transaction[0m
Migrating to CreateRelationshipTable (20170813102612)
  [1m[35m (0.1ms)[0m  [1m[36mbegin transaction[0m
  [1m[35m (0.3ms)[0m  [1m[35mCREATE TABLE "riews_relationships" ("id" INTEGER PRIMARY KEY AUTOINCREMENT NOT NULL, "name" varchar, "riews_view_id" integer, "created_at" datetime NOT NULL, "updated_at" datetime NOT NULL, CONSTRAINT "fk_rails_e21cde9199"
FOREIGN KEY ("riews_view_id")
  REFERENCES "riews_views" ("id")
)[0m
  [1m[35m (0.1ms)[0m  [1m[35mCREATE  INDEX "index_riews_relationships_on_riews_view_id" ON "riews_relationships" ("riews_view_id")[0m
  [1m[35mSQL (0.1ms)[0m  [1m[32mINSERT INTO "schema_migrations" ("version") VALUES (?)[0m  [["version", "20170813102612"]]
  [1m[35m (108.6ms)[0m  [1m[36mcommit transaction[0m
Migrating to AllowViewsWithNullModel (20170813144520)
  [1m[35m (0.1ms)[0m  [1m[36mbegin transaction[0m
  [1m[35m (0.4ms)[0m  [1m[35mCREATE TEMPORARY TABLE "ariews_views" ("id" INTEGER PRIMARY KEY AUTOINCREMENT NOT NULL, "name" varchar NOT NULL, "model" varchar NOT NULL, "code" varchar NOT NULL, "created_at" datetime NOT NULL, "updated_at" datetime NOT NULL, "paginator_size" integer DEFAULT 0 NOT NULL)[0m
  [1m[35m (0.2ms)[0m  [1m[32mINSERT INTO "ariews_views" ("id","name","model","code","created_at","updated_at","paginator_size")
                     SELECT "id","name","model","code","created_at","updated_at","paginator_size" FROM "riews_views"[0m
  [1m[35m (0.2ms)[0m  [1m[35mDROP TABLE "riews_views"[0m
  [1m[35m (0.2ms)[0m  [1m[35mCREATE TABLE "riews_views" ("id" INTEGER PRIMARY KEY AUTOINCREMENT NOT NULL, "name" varchar NOT NULL, "model" varchar DEFAULT NULL, "code" varchar NOT NULL, "created_at" datetime NOT NULL, "updated_at" datetime NOT NULL, "paginator_size" integer DEFAULT 0 NOT NULL)[0m
  [1m[35m (0.1ms)[0m  [1m[32mINSERT INTO "riews_views" ("id","name","model","code","created_at","updated_at","paginator_size")
                     SELECT "id","name","model","code","created_at","updated_at","paginator_size" FROM "ariews_views"[0m
  [1m[35m (0.1ms)[0m  [1m[35mDROP TABLE "ariews_views"[0m
  [1m[35mSQL (0.1ms)[0m  [1m[32mINSERT INTO "schema_migrations" ("version") VALUES (?)[0m  [["version", "20170813144520"]]
  [1m[35m (81.3ms)[0m  [1m[36mcommit transaction[0m
Migrating to AddPrefixAndPostfixToColumn (20170813150220)
  [1m[35m (0.1ms)[0m  [1m[36mbegin transaction[0m
  [1m[35m (0.3ms)[0m  [1m[35mALTER TABLE "riews_columns" ADD "prefix" varchar[0m
  [1m[35m (0.2ms)[0m  [1m[35mALTER TABLE "riews_columns" ADD "postfix" varchar[0m
  [1m[35mSQL (0.1ms)[0m  [1m[32mINSERT INTO "schema_migrations" ("version") VALUES (?)[0m  [["version", "20170813150220"]]
  [1m[35m (69.9ms)[0m  [1m[36mcommit transaction[0m
Migrating to AddUniquenessFieldToView (20170813170515)
  [1m[35m (0.1ms)[0m  [1m[36mbegin transaction[0m
  [1m[35m (0.4ms)[0m  [1m[35mALTER TABLE "riews_views" ADD "uniqueness" boolean DEFAULT 'f' NOT NULL[0m
  [1m[35mSQL (0.2ms)[0m  [1m[32mINSERT INTO "schema_migrations" ("version") VALUES (?)[0m  [["version", "20170813170515"]]
  [1m[35m (64.8ms)[0m  [1m[36mcommit transaction[0m
Migrating to AddAggregateToColumns (20170813184708)
  [1m[35m (0.1ms)[0m  [1m[36mbegin transaction[0m
  [1m[35m (0.3ms)[0m  [1m[35mALTER TABLE "riews_columns" ADD "aggregate" integer(2)[0m
  [1m[35mSQL (0.1ms)[0m  [1m[32mINSERT INTO "schema_migrations" ("version") VALUES (?)[0m  [["version", "20170813184708"]]
  [1m[35m (72.3ms)[0m  [1m[36mcommit transaction[0m
Migrating to AddNameToColumn (20170814203309)
  [1m[35m (0.1ms)[0m  [1m[36mbegin transaction[0m
  [1m[35m (0.3ms)[0m  [1m[35mALTER TABLE "riews_columns" ADD "name" varchar[0m
  [1m[35mSQL (0.1ms)[0m  [1m[32mINSERT INTO "schema_migrations" ("version") VALUES (?)[0m  [["version", "20170814203309"]]
  [1m[35m (64.8ms)[0m  [1m[36mcommit transaction[0m
  [1m[36mActiveRecord::InternalMetadata Load (0.1ms)[0m  [1m[34mSELECT  "ar_internal_metadata".* FROM "ar_internal_metadata" WHERE "ar_internal_metadata"."key" = ? LIMIT ?[0m  [["key", "environment"], ["LIMIT", 1]]
  [1m[35m (0.1ms)[0m  [1m[36mbegin transaction[0m
  [1m[35mSQL (0.3ms)[0m  [1m[32mINSERT INTO "ar_internal_metadata" ("key", "value", "created_at", "updated_at") VALUES (?, ?, ?, ?)[0m  [["key", "environment"], ["value", "development"], ["created_at", "2017-08-20 14:31:25.326856"], ["updated_at", "2017-08-20 14:31:25.326856"]]
  [1m[35m (59.2ms)[0m  [1m[36mcommit transaction[0m
  [1m[35m (0.1ms)[0m  [1m[34mSELECT "schema_migrations"."version" FROM "schema_migrations" ORDER BY "schema_migrations"."version" ASC[0m
  [1m[35m (0.1ms)[0m  [1m[34m            SELECT sql
            FROM sqlite_master
            WHERE name='index_riews_arguments_on_riews_filter_criteria_id' AND type='index'
            UNION ALL
            SELECT sql
            FROM sqlite_temp_master
            WHERE name='index_riews_arguments_on_riews_filter_criteria_id' AND type='index'
[0m
  [1m[35m (0.1ms)[0m  [1m[34m            SELECT sql
            FROM sqlite_master
            WHERE name='index_riews_columns_on_riews_view_id' AND type='index'
            UNION ALL
            SELECT sql
            FROM sqlite_temp_master
            WHERE name='index_riews_columns_on_riews_view_id' AND type='index'
[0m
  [1m[35m (0.1ms)[0m  [1m[34m            SELECT sql
            FROM sqlite_master
            WHERE name='index_riews_filter_criterias_on_riews_view_id' AND type='index'
            UNION ALL
            SELECT sql
            FROM sqlite_temp_master
            WHERE name='index_riews_filter_criterias_on_riews_view_id' AND type='index'
[0m
  [1m[35m (0.1ms)[0m  [1m[34m            SELECT sql
            FROM sqlite_master
            WHERE name='index_riews_relationships_on_riews_view_id' AND type='index'
            UNION ALL
            SELECT sql
            FROM sqlite_temp_master
            WHERE name='index_riews_relationships_on_riews_view_id' AND type='index'
[0m
  [1m[35m (0.2ms)[0m  [1m[34mSELECT "schema_migrations"."version" FROM "schema_migrations" ORDER BY "schema_migrations"."version" ASC[0m
  [1m[36mActiveRecord::InternalMetadata Load (0.1ms)[0m  [1m[34mSELECT  "ar_internal_metadata".* FROM "ar_internal_metadata" WHERE "ar_internal_metadata"."key" = ? LIMIT ?[0m  [["key", "environment"], ["LIMIT", 1]]
  [1m[35m (0.1ms)[0m  [1m[36mbegin transaction[0m
  [1m[35m (0.0ms)[0m  [1m[36mcommit transaction[0m
  [1m[35m (0.1ms)[0m  [1m[34mSELECT "schema_migrations"."version" FROM "schema_migrations" ORDER BY "schema_migrations"."version" ASC[0m
  [1m[35m (0.1ms)[0m  [1m[34m            SELECT sql
            FROM sqlite_master
            WHERE name='index_riews_arguments_on_riews_filter_criteria_id' AND type='index'
            UNION ALL
            SELECT sql
            FROM sqlite_temp_master
            WHERE name='index_riews_arguments_on_riews_filter_criteria_id' AND type='index'
[0m
  [1m[35m (0.1ms)[0m  [1m[34m            SELECT sql
            FROM sqlite_master
            WHERE name='index_riews_columns_on_riews_view_id' AND type='index'
            UNION ALL
            SELECT sql
            FROM sqlite_temp_master
            WHERE name='index_riews_columns_on_riews_view_id' AND type='index'
[0m
  [1m[35m (0.1ms)[0m  [1m[34m            SELECT sql
            FROM sqlite_master
            WHERE name='index_riews_filter_criterias_on_riews_view_id' AND type='index'
            UNION ALL
            SELECT sql
            FROM sqlite_temp_master
            WHERE name='index_riews_filter_criterias_on_riews_view_id' AND type='index'
[0m
  [1m[35m (0.1ms)[0m  [1m[34m            SELECT sql
            FROM sqlite_master
            WHERE name='index_riews_relationships_on_riews_view_id' AND type='index'
            UNION ALL
            SELECT sql
            FROM sqlite_temp_master
            WHERE name='index_riews_relationships_on_riews_view_id' AND type='index'
[0m
  [1m[35m (0.1ms)[0m  [1m[34mSELECT "schema_migrations"."version" FROM "schema_migrations" ORDER BY "schema_migrations"."version" ASC[0m
  [1m[36mActiveRecord::InternalMetadata Load (0.1ms)[0m  [1m[34mSELECT  "ar_internal_metadata".* FROM "ar_internal_metadata" WHERE "ar_internal_metadata"."key" = ? LIMIT ?[0m  [["key", "environment"], ["LIMIT", 1]]
  [1m[35m (0.0ms)[0m  [1m[36mbegin transaction[0m
  [1m[35m (0.0ms)[0m  [1m[36mcommit transaction[0m
  [1m[35m (0.1ms)[0m  [1m[34mSELECT "schema_migrations"."version" FROM "schema_migrations" ORDER BY "schema_migrations"."version" ASC[0m
  [1m[35m (0.1ms)[0m  [1m[34m            SELECT sql
            FROM sqlite_master
            WHERE name='index_riews_arguments_on_riews_filter_criteria_id' AND type='index'
            UNION ALL
            SELECT sql
            FROM sqlite_temp_master
            WHERE name='index_riews_arguments_on_riews_filter_criteria_id' AND type='index'
[0m
  [1m[35m (0.1ms)[0m  [1m[34m            SELECT sql
            FROM sqlite_master
            WHERE name='index_riews_columns_on_riews_view_id' AND type='index'
            UNION ALL
            SELECT sql
            FROM sqlite_temp_master
            WHERE name='index_riews_columns_on_riews_view_id' AND type='index'
[0m
  [1m[35m (0.1ms)[0m  [1m[34m            SELECT sql
            FROM sqlite_master
            WHERE name='index_riews_filter_criterias_on_riews_view_id' AND type='index'
            UNION ALL
            SELECT sql
            FROM sqlite_temp_master
            WHERE name='index_riews_filter_criterias_on_riews_view_id' AND type='index'
[0m
  [1m[35m (0.1ms)[0m  [1m[34m            SELECT sql
            FROM sqlite_master
            WHERE name='index_riews_relationships_on_riews_view_id' AND type='index'
            UNION ALL
            SELECT sql
            FROM sqlite_temp_master
            WHERE name='index_riews_relationships_on_riews_view_id' AND type='index'
[0m
